Arguments: 
  /usr/local/Cellar/node/11.14.0_1/bin/node /usr/local/Cellar/yarn/1.15.2/libexec/bin/yarn.js add react-loadable

PATH: 
  /usr/local/bin:/usr/bin:/bin:/usr/sbin:/sbin

Yarn version: 
  1.15.2

Node version: 
  11.14.0

Platform: 
  darwin x64

Trace: 
  Error: ENOENT: no such file or directory, copyfile '/Users/ares/Library/Caches/Yarn/v4/npm-inherits-2.0.1-b17d08d326b4423e568eff719f91b0b1cbdf69f1/node_modules/inherits/LICENSE' -> '/Users/ares/creat-webproject/node_modules/assert/node_modules/inherits/LICENSE'

npm manifest: 
  {
    "name": "creat-webproject",
    "version": "1.0.0",
    "description": "",
    "main": "index.js",
    "scripts": {
      "test": "echo \"Error: no test specified\" && exit 1",
      "start": "webpack-dev-server --config webpack/webpack.config.dev.js",
      "build": "webpack --config webpack/webpack.config.prod.js"
    },
    "keywords": [],
    "author": "",
    "license": "ISC",
    "devDependencies": {
      "@babel/core": "^7.0.0",
      "@babel/plugin-proposal-class-properties": "^7.0.0",
      "@babel/plugin-proposal-decorators": "^7.0.0",
      "@babel/plugin-proposal-do-expressions": "^7.0.0",
      "@babel/plugin-proposal-export-default-from": "^7.0.0",
      "@babel/plugin-proposal-export-namespace-from": "^7.0.0",
      "@babel/plugin-proposal-function-bind": "^7.0.0",
      "@babel/plugin-proposal-function-sent": "^7.0.0",
      "@babel/plugin-proposal-json-strings": "^7.0.0",
      "@babel/plugin-proposal-logical-assignment-operators": "^7.0.0",
      "@babel/plugin-proposal-nullish-coalescing-operator": "^7.0.0",
      "@babel/plugin-proposal-numeric-separator": "^7.0.0",
      "@babel/plugin-proposal-optional-chaining": "^7.0.0",
      "@babel/plugin-proposal-pipeline-operator": "^7.0.0",
      "@babel/plugin-proposal-throw-expressions": "^7.0.0",
      "@babel/plugin-syntax-dynamic-import": "^7.0.0",
      "@babel/plugin-syntax-import-meta": "^7.0.0",
      "@babel/plugin-transform-runtime": "^7.0.0",
      "@babel/preset-env": "^7.0.0",
      "@babel/preset-react": "^7.0.0",
      "@babel/runtime-corejs2": "^7.0.0",
      "autoprefixer": "^9.5.1",
      "axios": "^0.18.0",
      "babel-core": "^6.26.3",
      "babel-loader": "^8.0.0-beta.0",
      "babel-plugin-import": "^1.11.0",
      "babel-preset-es2015": "^6.24.1",
      "clean-webpack-plugin": "^2.0.2",
      "css-loader": "^2.1.1",
      "csv-loader": "^3.0.2",
      "file-loader": "^3.0.1",
      "friendly-errors-webpack-plugin": "^1.7.0",
      "html-loader": "^0.5.5",
      "html-webpack-plugin": "^3.2.0",
      "less": "^3.9.0",
      "less-loader": "^4.1.0",
      "markdown-loader": "^5.0.0",
      "mini-css-extract-plugin": "^0.6.0",
      "optimize-css-assets-webpack-plugin": "^5.0.1",
      "postcss-loader": "^3.0.0",
      "style-loader": "^0.23.1",
      "stylus-loader": "^3.0.2",
      "uglifyjs-webpack-plugin": "^2.1.2",
      "webpack": "^4.29.6",
      "webpack-cli": "^3.3.0",
      "webpack-dev-server": "^3.3.1",
      "xml-loader": "^1.2.1"
    },
    "dependencies": {
      "antd": "^3.16.5",
      "mobx": "^5.9.4",
      "mobx-react": "^5.4.3",
      "moment": "^2.24.0",
      "prop-types": "^15.7.2",
      "react": "^16.8.6",
      "react-dom": "^16.8.6",
      "react-router-dom": "^5.0.0",
      "style-loader": "^0.23.1"
    }
  }

yarn manifest: 
  No manifest

Lockfile: 
  No lockfile
